[    0.000000] Initializing cgroup subsys cpuset
[    0.000000] Initializing cgroup subsys cpu
[    0.000000] Initializing cgroup subsys cpuacct
[    0.000000] Linux version 4.4.0-146-generic (buildd@lcy01-amd64-025) (gcc version 5.4.0 20160609 (Ubuntu 5.4.0-6ubuntu1~16.04.10) ) #172-Ubuntu SMP Wed Apr 3 09:00:08 UTC 2019 (Ubuntu 4.4.0-146.172-generic 4.4.177)
[    0.000000] Command line: BOOT_IMAGE=/boot/vmlinuz-4.4.0-146-generic root=LABEL=cloudimg-rootfs ro console=tty1 console=ttyS0
[    0.000000] KERNEL supported cpus:
[    0.000000]   Intel GenuineIntel
[    0.000000]   AMD AuthenticAMD
[    0.000000]   Centaur CentaurHauls
[    0.000000] x86/fpu: xstate_offset[2]:  576, xstate_sizes[2]:  256
[    0.000000] x86/fpu: Supporting XSAVE feature 0x01: 'x87 floating point registers'
[    0.000000] x86/fpu: Supporting XSAVE feature 0x02: 'SSE registers'
[    0.000000] x86/fpu: Supporting XSAVE feature 0x04: 'AVX registers'
[    0.000000] x86/fpu: Enabled xstate features 0x7, context size is 832 bytes, using 'standard' format.
[    0.000000] e820: BIOS-provided physical RAM map:
[    0.000000] BIOS-e820: [mem 0x0000000000000000-0x000000000009fbff] usable
[    0.000000] BIOS-e820: [mem 0x000000000009fc00-0x000000000009ffff] reserved
[    0.000000] BIOS-e820: [mem 0x00000000000f0000-0x00000000000fffff] reserved
[    0.000000] BIOS-e820: [mem 0x0000000000100000-0x000000001ffeffff] usable
[    0.000000] BIOS-e820: [mem 0x000000001fff0000-0x000000001fffffff] ACPI data
[    0.000000] BIOS-e820: [mem 0x00000000fec00000-0x00000000fec00fff] reserved
[    0.000000] BIOS-e820: [mem 0x00000000fee00000-0x00000000fee00fff] reserved
[    0.000000] BIOS-e820: [mem 0x00000000fffc0000-0x00000000ffffffff] reserved
[    0.000000] NX (Execute Disable) protection: active
[    0.000000] SMBIOS 2.5 present.
[    0.000000] Hypervisor detected: KVM
[    0.000000] e820: last_pfn = 0x1fff0 max_arch_pfn = 0x400000000
[    0.000000] MTRR: Disabled
[    0.000000] x86/PAT: MTRRs disabled, skipping PAT initialization too.
[    0.000000] CPU MTRRs all blank - virtualized system.
[    0.000000] x86/PAT: Configuration [0-7]: WB  WT  UC- UC  WB  WT  UC- UC  
[    0.000000] found SMP MP-table at [mem 0x0009fff0-0x0009ffff] mapped at [ffff88000009fff0]
[    0.000000] Scanning 1 areas for low memory corruption
[    0.000000] RAMDISK: [mem 0x1e9a6000-0x1f81ffff]
[    0.000000] ACPI: Early table checksum verification disabled
[    0.000000] ACPI: RSDP 0x00000000000E0000 000024 (v02 VBOX  )
[    0.000000] ACPI: XSDT 0x000000001FFF0030 00003C (v01 VBOX   VBOXXSDT 00000001 ASL  00000061)
[    0.000000] ACPI: FACP 0x000000001FFF00F0 0000F4 (v04 VBOX   VBOXFACP 00000001 ASL  00000061)
[    0.000000] ACPI: DSDT 0x000000001FFF0470 0022EA (v02 VBOX   VBOXBIOS 00000002 INTL 20100528)
[    0.000000] ACPI: FACS 0x000000001FFF0200 000040
[    0.000000] ACPI: FACS 0x000000001FFF0200 000040
[    0.000000] ACPI: APIC 0x000000001FFF0240 00005C (v02 VBOX   VBOXAPIC 00000001 ASL  00000061)
[    0.000000] ACPI: SSDT 0x000000001FFF02A0 0001CC (v01 VBOX   VBOXCPUT 00000002 INTL 20100528)
[    0.000000] No NUMA configuration found
[    0.000000] Faking a node at [mem 0x0000000000000000-0x000000001ffeffff]
[    0.000000] NODE_DATA(0) allocated [mem 0x1ffeb000-0x1ffeffff]
[    0.000000] kvm-clock: Using msrs 4b564d01 and 4b564d00
[    0.000000] kvm-clock: cpu 0, msr 0:1ffe3001, primary cpu clock
[    0.000000] kvm-clock: using sched offset of 3364690607 cycles
[    0.000000] clocksource: kvm-clock: mask: 0xffffffffffffffff max_cycles: 0x1cd42e4dffb, max_idle_ns: 881590591483 ns
[    0.000000] Zone ranges:
[    0.000000]   DMA      [mem 0x0000000000001000-0x0000000000ffffff]
[    0.000000]   DMA32    [mem 0x0000000001000000-0x000000001ffeffff]
[    0.000000]   Normal   empty
[    0.000000]   Device   empty
[    0.000000] Movable zone start for each node
[    0.000000] Early memory node ranges
[    0.000000]   node   0: [mem 0x0000000000001000-0x000000000009efff]
[    0.000000]   node   0: [mem 0x0000000000100000-0x000000001ffeffff]
[    0.000000] Initmem setup node 0 [mem 0x0000000000001000-0x000000001ffeffff]
[    0.000000] ACPI: PM-Timer IO Port: 0x4008
[    0.000000] IOAPIC[0]: apic_id 2, version 32, address 0xfec00000, GSI 0-23
[    0.000000] ACPI: INT_SRC_OVR (bus 0 bus_irq 0 global_irq 2 dfl dfl)
[    0.000000] ACPI: INT_SRC_OVR (bus 0 bus_irq 9 global_irq 9 low level)
[    0.000000] Using ACPI (MADT) for SMP configuration information
[    0.000000] smpboot: Allowing 2 CPUs, 0 hotplug CPUs
[    0.000000] PM: Registered nosave memory: [mem 0x00000000-0x00000fff]
[    0.000000] PM: Registered nosave memory: [mem 0x0009f000-0x0009ffff]
[    0.000000] PM: Registered nosave memory: [mem 0x000a0000-0x000effff]
[    0.000000] PM: Registered nosave memory: [mem 0x000f0000-0x000fffff]
[    0.000000] e820: [mem 0x20000000-0xfebfffff] available for PCI devices
[    0.000000] Booting paravirtualized kernel on KVM
[    0.000000] clocksource: refined-jiffies: mask: 0xffffffff max_cycles: 0xffffffff, max_idle_ns: 7645519600211568 ns
[    0.000000] setup_percpu: NR_CPUS:512 nr_cpumask_bits:512 nr_cpu_ids:2 nr_node_ids:1
[    0.000000] PERCPU: Embedded 34 pages/cpu @ffff88001fc00000 s99480 r8192 d31592 u1048576
[    0.000000] Built 1 zonelists in Node order, mobility grouping on.  Total pages: 128888
[    0.000000] Policy zone: DMA32
[    0.000000] Kernel command line: BOOT_IMAGE=/boot/vmlinuz-4.4.0-146-generic root=LABEL=cloudimg-rootfs ro console=tty1 console=ttyS0
[    0.000000] PID hash table entries: 2048 (order: 2, 16384 bytes)
[    0.000000] Memory: 481656K/523832K available (8609K kernel code, 1334K rwdata, 4028K rodata, 1484K init, 1284K bss, 42176K reserved, 0K cma-reserved)
[    0.000000] SLUB: HWalign=64, Order=0-3, MinObjects=0, CPUs=2, Nodes=1
[    0.000000] Kernel/User page tables isolation: enabled
[    0.000000] Hierarchical RCU implementation.
[    0.000000] 	Build-time adjustment of leaf fanout to 64.
[    0.000000] 	RCU restricting CPUs from NR_CPUS=512 to nr_cpu_ids=2.
[    0.000000] RCU: Adjusting geometry for rcu_fanout_leaf=64, nr_cpu_ids=2
[    0.000000] NR_IRQS:33024 nr_irqs:440 16
[    0.000000] Console: colour VGA+ 80x25
[    0.000000] console [tty1] enabled
[    0.000000] console [ttyS0] enabled
[    0.000000] tsc: Detected 2904.000 MHz processor
[    0.232939] Calibrating delay loop (skipped) preset value.. 5808.00 BogoMIPS (lpj=11616000)
[    0.236017] pid_max: default: 32768 minimum: 301
[    0.237441] ACPI: Core revision 20150930
[    0.240953] ACPI: 2 ACPI AML tables successfully acquired and loaded
[    0.243158] Security Framework initialized
[    0.244672] Yama: becoming mindful.
[    0.245877] AppArmor: AppArmor initialized
[    0.247516] Dentry cache hash table entries: 65536 (order: 7, 524288 bytes)
[    0.249958] Inode-cache hash table entries: 32768 (order: 6, 262144 bytes)
[    0.252271] Mount-cache hash table entries: 1024 (order: 1, 8192 bytes)
[    0.254289] Mountpoint-cache hash table entries: 1024 (order: 1, 8192 bytes)
[    0.256759] Initializing cgroup subsys io
[    0.258322] Initializing cgroup subsys memory
[    0.260016] Initializing cgroup subsys devices
[    0.261609] Initializing cgroup subsys freezer
[    0.263148] Initializing cgroup subsys net_cls
[    0.264524] Initializing cgroup subsys perf_event
[    0.266079] Initializing cgroup subsys net_prio
[    0.267996] Initializing cgroup subsys hugetlb
[    0.276171] Initializing cgroup subsys pids
[    0.291508] mce: CPU supports 0 MCE banks
[    0.298190] Last level iTLB entries: 4KB 64, 2MB 8, 4MB 8
[    0.301581] Last level dTLB entries: 4KB 64, 2MB 0, 4MB 0, 1GB 4
[    0.304773] Spectre V2 : Mitigation: Full generic retpoline
[    0.307131] Spectre V2 : Spectre v2 / SpectreRSB mitigation: Filling RSB on context switch
[    0.311836] Speculative Store Bypass: Vulnerable
[    0.320379] Freeing SMP alternatives memory: 36K
[    0.342286] ftrace: allocating 32287 entries in 127 pages
[    0.435334] smpboot: APIC(0) Converting physical 0 to logical package 0
[    0.437165] smpboot: Max logical packages: 1
[    0.438767] x2apic enabled
[    0.440098] Switched APIC routing to physical x2apic.
[    0.443475] ..TIMER: vector=0x30 apic1=0 pin1=2 apic2=-1 pin2=-1
[    0.551542] smpboot: CPU0: Intel(R) Core(TM) i7-7500U CPU @ 2.70GHz (family: 0x6, model: 0x8e, stepping: 0x9)
[    0.554166] Performance Events: unsupported p6 CPU model 142 no PMU driver, software events only.
[    0.567214] KVM setup paravirtual spinlock
[    0.568960] x86: Booting SMP configuration:
[    0.570261] .... node  #0, CPUs:      #1
[    0.571500] kvm-clock: cpu 1, msr 0:1ffe3041, secondary cpu clock
[    0.574164] mce: CPU supports 0 MCE banks
[    0.577108] x86: Booted up 1 node, 2 CPUs
[    0.578625] smpboot: Total of 2 processors activated (11616.00 BogoMIPS)
[    0.581728] devtmpfs: initialized
[    0.584348] evm: security.selinux
[    0.585606] evm: security.SMACK64
[    0.586761] evm: security.SMACK64EXEC
[    0.587910] evm: security.SMACK64TRANSMUTE
[    0.589206] evm: security.SMACK64MMAP
[    0.590257] evm: security.ima
[    0.591161] evm: security.capability
[    0.592552] clocksource: jiffies: mask: 0xffffffff max_cycles: 0xffffffff, max_idle_ns: 7645041785100000 ns
[    0.595288] futex hash table entries: 512 (order: 3, 32768 bytes)
[    0.596855] pinctrl core: initialized pinctrl subsystem
[    0.598542] RTC time:  6:17:26, date: 05/09/19
[    0.599977] NET: Registered protocol family 16
[    0.612332] cpuidle: using governor ladder
[    0.624393] cpuidle: using governor menu
[    0.625353] PCCT header not found.
[    0.626576] ACPI: bus type PCI registered
[    0.627737] acpiphp: ACPI Hot Plug PCI Controller Driver version: 0.5
[    0.629574] PCI: Using configuration type 1 for base access
[    0.645129] ACPI: Added _OSI(Module Device)
[    0.646784] ACPI: Added _OSI(Processor Device)
[    0.648502] ACPI: Added _OSI(3.0 _SCP Extensions)
[    0.649807] ACPI: Added _OSI(Processor Aggregator Device)
[    0.651971] ACPI: Executed 1 blocks of module-level executable AML code
[    0.656227] ACPI: Interpreter enabled
[    0.657434] ACPI: (supports S0 S5)
[    0.658525] ACPI: Using IOAPIC for interrupt routing
[    0.660593] PCI: Using host bridge windows from ACPI; if necessary, use "pci=nocrs" and report a bug
[    0.670532] ACPI: PCI Root Bridge [PCI0] (domain 0000 [bus 00-ff])
[    0.672441] acpi PNP0A03:00: _OSC: OS supports [ASPM ClockPM Segments MSI]
[    0.674672] acpi PNP0A03:00: _OSC: not requesting OS control; OS requires [ExtendedConfig ASPM ClockPM MSI]
[    0.678187] acpi PNP0A03:00: fail to add MMCONFIG information, can't access extended PCI configuration space under this bridge.
[    0.682955] PCI host bridge to bus 0000:00
[    0.684796] pci_bus 0000:00: root bus resource [io  0x0000-0x0cf7 window]
[    0.687165] pci_bus 0000:00: root bus resource [io  0x0d00-0xffff window]
[    0.689104] pci_bus 0000:00: root bus resource [mem 0x000a0000-0x000bffff window]
[    0.691374] pci_bus 0000:00: root bus resource [mem 0x20000000-0xfdffffff window]
[    0.694683] pci_bus 0000:00: root bus resource [bus 00-ff]
[    0.699945] pci 0000:00:01.1: legacy IDE quirk: reg 0x10: [io  0x01f0-0x01f7]
[    0.702792] pci 0000:00:01.1: legacy IDE quirk: reg 0x14: [io  0x03f6]
[    0.704716] pci 0000:00:01.1: legacy IDE quirk: reg 0x18: [io  0x0170-0x0177]
[    0.706613] pci 0000:00:01.1: legacy IDE quirk: reg 0x1c: [io  0x0376]
[    0.726526] pci 0000:00:07.0: quirk: [io  0x4000-0x403f] claimed by PIIX4 ACPI
[    0.729353] pci 0000:00:07.0: quirk: [io  0x4100-0x410f] claimed by PIIX4 SMB
[    0.758512] ACPI: PCI Interrupt Link [LNKA] (IRQs 5 9 10 *11)
[    0.761377] ACPI: PCI Interrupt Link [LNKB] (IRQs 5 9 *10 11)
[    0.764094] ACPI: PCI Interrupt Link [LNKC] (IRQs 5 *9 10 11)
[    0.767444] ACPI: PCI Interrupt Link [LNKD] (IRQs 5 9 10 *11)
[    0.770268] ACPI: Enabled 2 GPEs in block 00 to 07
[    0.772078] vgaarb: setting as boot device: PCI:0000:00:02.0
[    0.773655] vgaarb: device added: PCI:0000:00:02.0,decodes=io+mem,owns=io+mem,locks=none
[    0.776224] vgaarb: loaded
[    0.778215] vgaarb: bridge control possible 0000:00:02.0
[    0.780621] SCSI subsystem initialized
[    0.782420] ACPI: bus type USB registered
[    0.784748] usbcore: registered new interface driver usbfs
[    0.786825] usbcore: registered new interface driver hub
[    0.788431] usbcore: registered new device driver usb
[    0.790584] PCI: Using ACPI for IRQ routing
[    0.792821] NetLabel: Initializing
[    0.794355] NetLabel:  domain hash size = 128
[    0.796015] NetLabel:  protocols = UNLABELED CIPSOv4
[    0.797993] NetLabel:  unlabeled traffic allowed by default
[    0.800241] amd_nb: Cannot enumerate AMD northbridges
[    0.802415] clocksource: Switched to clocksource kvm-clock
[    0.814615] AppArmor: AppArmor Filesystem Enabled
[    0.816582] pnp: PnP ACPI init
[    0.818170] pnp: PnP ACPI: found 3 devices
[    0.831225] clocksource: acpi_pm: mask: 0xffffff max_cycles: 0xffffff, max_idle_ns: 2085701024 ns
[    0.833392] NET: Registered protocol family 2
[    0.834611] TCP established hash table entries: 4096 (order: 3, 32768 bytes)
[    0.835928] TCP bind hash table entries: 4096 (order: 4, 65536 bytes)
[    0.837155] TCP: Hash tables configured (established 4096 bind 4096)
[    0.838383] UDP hash table entries: 256 (order: 1, 8192 bytes)
[    0.839544] UDP-Lite hash table entries: 256 (order: 1, 8192 bytes)
[    0.841004] NET: Registered protocol family 1
[    0.842298] pci 0000:00:00.0: Limiting direct PCI/PCI transfers
[    0.844452] pci 0000:00:01.0: Activating ISA DMA hang workarounds
[    0.848413] Unpacking initramfs...
[    1.074437] Freeing initrd memory: 14824K
[    1.076144] platform rtc_cmos: registered platform RTC device (no PNP device found)
[    1.078818] Scanning for low memory corruption every 60 seconds
[    1.080785] audit: initializing netlink subsys (disabled)
[    1.082516] audit: type=2000 audit(1557382651.520:1): initialized
[    1.084681] Initialise system trusted keyring
[    1.086202] HugeTLB registered 2 MB page size, pre-allocated 0 pages
[    1.089670] zbud: loaded
[    1.091012] VFS: Disk quotas dquot_6.6.0
[    1.092411] VFS: Dquot-cache hash table entries: 512 (order 0, 4096 bytes)
[    1.094790] squashfs: version 4.0 (2009/01/31) Phillip Lougher
[    1.097034] fuse init (API version 7.23)
[    1.098616] Key type big_key registered
[    1.099859] Allocating IMA MOK and blacklist keyrings.
[    1.102637] Key type asymmetric registered
[    1.103969] Asymmetric key parser 'x509' registered
[    1.105564] Block layer SCSI generic (bsg) driver version 0.4 loaded (major 249)
[    1.108087] io scheduler noop registered
[    1.109377] io scheduler deadline registered (default)
[    1.110957] io scheduler cfq registered
[    1.112342] pci_hotplug: PCI Hot Plug PCI Core version: 0.5
[    1.114548] pciehp: PCI Express Hot Plug Controller Driver version: 0.4
[    1.116982] ACPI: AC Adapter [AC] (off-line)
[    1.118549] input: Power Button as /devices/LNXSYSTM:00/LNXPWRBN:00/input/input0
[    1.120946] ACPI: Power Button [PWRF]
[    1.122289] input: Sleep Button as /devices/LNXSYSTM:00/LNXSLPBN:00/input/input1
[    1.124559] ACPI: Sleep Button [SLPF]
[    1.126368] GHES: HEST is not enabled!
[    1.127813] ACPI: Battery Slot [BAT0] (battery present)
[    1.130591] Serial: 8250/16550 driver, 32 ports, IRQ sharing enabled
[    1.152658] 00:02: ttyS0 at I/O 0x3f8 (irq = 4, base_baud = 115200) is a 16550A
[    1.156136] Linux agpgart interface v0.103
[    1.159346] loop: module loaded
[    1.161013] scsi host0: ata_piix
[    1.162120] scsi host1: ata_piix
[    1.163221] ata1: PATA max UDMA/33 cmd 0x1f0 ctl 0x3f6 bmdma 0xd000 irq 14
[    1.165376] ata2: PATA max UDMA/33 cmd 0x170 ctl 0x376 bmdma 0xd008 irq 15
[    1.167586] libphy: Fixed MDIO Bus: probed
[    1.168847] tun: Universal TUN/TAP device driver, 1.6
[    1.170241] tun: (C) 1999-2004 Max Krasnyansky <maxk@qualcomm.com>
[    1.172054] PPP generic driver version 2.4.2
[    1.173343] ehci_hcd: USB 2.0 'Enhanced' Host Controller (EHCI) Driver
[    1.175156] ehci-pci: EHCI PCI platform driver
[    1.176685] ehci-platform: EHCI generic platform driver
[    1.178121] ohci_hcd: USB 1.1 'Open' Host Controller (OHCI) Driver
[    1.179793] ohci-pci: OHCI PCI platform driver
[    1.181208] ohci-platform: OHCI generic platform driver
[    1.182753] uhci_hcd: USB Universal Host Controller Interface driver
[    1.184642] i8042: PNP: PS/2 Controller [PNP0303:PS2K,PNP0f03:PS2M] at 0x60,0x64 irq 1,12
[    1.187719] serio: i8042 KBD port at 0x60,0x64 irq 1
[    1.189060] serio: i8042 AUX port at 0x60,0x64 irq 12
[    1.190823] mousedev: PS/2 mouse device common for all mice
[    1.192799] rtc_cmos rtc_cmos: rtc core: registered rtc_cmos as rtc0
[    1.194617] rtc_cmos rtc_cmos: alarms up to one day, 114 bytes nvram
[    1.196325] input: AT Translated Set 2 keyboard as /devices/platform/i8042/serio0/input/input2
[    1.198709] i2c /dev entries driver
[    1.199803] device-mapper: uevent: version 1.0.3
[    1.201352] device-mapper: ioctl: 4.34.0-ioctl (2015-10-28) initialised: dm-devel@redhat.com
[    1.203566] ledtrig-cpu: registered to indicate activity on CPUs
[    1.207061] NET: Registered protocol family 10
[    1.208779] NET: Registered protocol family 17
[    1.210018] Key type dns_resolver registered
[    1.211955] registered taskstats version 1
[    1.213101] Loading compiled-in X.509 certificates
[    1.215035] Loaded X.509 cert 'Build time autogenerated kernel key: 4dcb2dc2c7cf43e0c20c44384f68683c20294489'
[    1.217750] zswap: loaded using pool lzo/zbud
[    1.220827] Key type trusted registered
[    1.225192] Key type encrypted registered
[    1.226465] AppArmor: AppArmor sha1 policy hashing enabled
[    1.228172] ima: No TPM chip found, activating TPM-bypass!
[    1.229756] ima: Allocated hash algorithm: sha1
[    1.232148] evm: HMAC attrs: 0x1
[    1.233544]   Magic number: 3:24:266
[    1.234789] rtc_cmos rtc_cmos: setting system clock to 2019-05-09 06:17:27 UTC (1557382647)
[    1.237244] BIOS EDD facility v0.16 2004-Jun-25, 0 devices found
[    1.238843] EDD information not available.
[    1.324011] Freeing unused kernel memory: 1484K
[    1.325306] Write protecting the kernel read-only data: 14336k
[    1.327597] Freeing unused kernel memory: 1620K
[    1.329212] Freeing unused kernel memory: 68K
Loading, please wait...
starting version 229
[    1.343498] random: systemd-udevd: uninitialized urandom read (16 bytes read, 3 bits of entropy available)
[    1.344408] random: udevadm: uninitialized urandom read (16 bytes read, 3 bits of entropy available)
[    1.344429] random: udevadm: uninitialized urandom read (16 bytes read, 3 bits of entropy available)
[    1.353644] random: systemd-udevd: uninitialized urandom read (16 bytes read, 3 bits of entropy available)
[    1.354334] random: udevadm: uninitialized urandom read (16 bytes read, 3 bits of entropy available)
[    1.354381] random: udevadm: uninitialized urandom read (16 bytes read, 3 bits of entropy available)
[    1.354609] random: udevadm: uninitialized urandom read (16 bytes read, 3 bits of entropy available)
[    1.354671] random: udevadm: uninitialized urandom read (16 bytes read, 3 bits of entropy available)
[    1.354730] random: udevadm: uninitialized urandom read (16 bytes read, 3 bits of entropy available)
[    1.354791] random: udevadm: uninitialized urandom read (16 bytes read, 3 bits of entropy available)
[    1.409086] e1000: Intel(R) PRO/1000 Network Driver - version 7.3.21-k8-NAPI
[    1.411369] e1000: Copyright (c) 1999-2006 Intel Corporation.
[    1.418545] Fusion MPT base driver 3.04.20
[    1.420072] Copyright (c) 1999-2008 LSI Corporation
[    1.433197] Fusion MPT SPI Host driver 3.04.20
[    1.437740] AVX2 version of gcm_enc/dec engaged.
[    1.439354] AES CTR mode by8 optimization enabled
[    1.642627] input: ImExPS/2 Generic Explorer Mouse as /devices/platform/i8042/serio1/input/input4
[    2.060740] e1000 0000:00:03.0 eth0: (PCI:33MHz:32-bit) 02:9b:bc:73:96:26
[    2.063500] e1000 0000:00:03.0 eth0: Intel(R) PRO/1000 Network Connection
[    2.070379] mptbase: ioc0: Initiating bringup
[    2.076973] tsc: Refined TSC clocksource calibration: 2905.378 MHz
[    2.079691] clocksource: tsc: mask: 0xffffffffffffffff max_cycles: 0x29e11b69a3b, max_idle_ns: 440795229943 ns
[    2.571523] ioc0: LSI53C1030 A0: Capabilities={Initiator}
[    3.240375] scsi host2: ioc0: LSI53C1030 A0, FwRev=00000000h, Ports=1, MaxQ=256, IRQ=20
[    4.011536] scsi 2:0:0:0: Direct-Access     VBOX     HARDDISK         1.0  PQ: 0 ANSI: 5
[    4.013987] scsi target2:0:0: Beginning Domain Validation
[    4.017409] scsi target2:0:0: Domain Validation skipping write tests
[    4.019244] scsi target2:0:0: Ending Domain Validation
[    4.020737] scsi target2:0:0: asynchronous
[    4.036440] scsi 2:0:1:0: Direct-Access     VBOX     HARDDISK         1.0  PQ: 0 ANSI: 5
[    4.038377] scsi target2:0:1: Beginning Domain Validation
[    4.040736] scsi target2:0:1: Domain Validation skipping write tests
[    4.042189] scsi target2:0:1: Ending Domain Validation
[    4.043810] scsi target2:0:1: asynchronous
[    4.059368] sd 2:0:0:0: Attached scsi generic sg0 type 0
[    4.061388] sd 2:0:1:0: Attached scsi generic sg1 type 0
[    4.063137] sd 2:0:0:0: [sda] 20971520 512-byte logical blocks: (10.7 GB/10.0 GiB)
[    4.080358] sd 2:0:1:0: [sdb] 20480 512-byte logical blocks: (10.5 MB/10.0 MiB)
[    4.082986] sd 2:0:0:0: [sda] Write Protect is off
[    4.084482] sd 2:0:1:0: [sdb] Write Protect is off
[    4.086054] sd 2:0:1:0: [sdb] Incomplete mode parameter data
[    4.087558] sd 2:0:1:0: [sdb] Assuming drive cache: write through
[    4.089223] sd 2:0:0:0: [sda] Incomplete mode parameter data
[    4.090771] sd 2:0:0:0: [sda] Assuming drive cache: write through
[    4.094186]  sda: sda1
[    4.096179] sd 2:0:1:0: [sdb] Attached SCSI disk
[    4.098043] sd 2:0:0:0: [sda] Attached SCSI disk
[    4.620791] e1000 0000:00:08.0 eth1: (PCI:33MHz:32-bit) 08:00:27:b3:d4:f7
[    4.622843] e1000 0000:00:08.0 eth1: Intel(R) PRO/1000 Network Connection
[    4.625914] e1000 0000:00:08.0 enp0s8: renamed from eth1
[    4.639441] e1000 0000:00:03.0 enp0s3: renamed from eth0
Begin: Loading essential drivers ... [    6.116717] md: linear personality registered for level -1
[    6.120945] md: multipath personality registered for level -4
[    6.125015] md: raid0 personality registered for level 0
[    6.130209] md: raid1 personality registered for level 1
[    6.202603] raid6: sse2x1   gen()  9366 MB/s
[    6.270826] raid6: sse2x1   xor()  7450 MB/s
[    6.338866] raid6: sse2x2   gen() 10190 MB/s
[    6.406745] raid6: sse2x2   xor()  8032 MB/s
[    6.475018] raid6: sse2x4   gen() 13518 MB/s
[    6.542658] raid6: sse2x4   xor()  7145 MB/s
[    6.610816] raid6: avx2x1   gen() 17768 MB/s
[    6.678495] raid6: avx2x2   gen() 21678 MB/s
[    6.746755] raid6: avx2x4   gen() 25876 MB/s
[    6.748203] raid6: using algorithm avx2x4 gen() 25876 MB/s
[    6.749940] raid6: using avx2x2 recovery algorithm
[    6.752884] xor: automatically using best checksumming function:
[    6.790431]    avx       : 23036.000 MB/sec
[    6.792934] async_tx: api initialized (async)
[    6.805207] md: raid6 personality registered for level 6
[    6.806791] md: raid5 personality registered for level 5
[    6.808318] md: raid4 personality registered for level 4
[    6.815715] md: raid10 personality registered for level 10
done.
Begin: Running /scripts/init-premount ... done.
Begin: Mounting root file system ... Begin: Running /scripts/local-top ... done.
Begin: Running /scripts/local-premount ... [    6.850589] Btrfs loaded
Scanning for Btrfs filesystems
done.
Warning: fsck not present, so skipping root file system
[    6.878987] EXT4-fs (sda1): mounted filesystem with ordered data mode. Opts: (null)
done.
Begin: Running /scripts/local-bottom ... done.
Begin: Running /scripts/init-bottom ... done.
[    6.964663] systemd[1]: systemd 229 running in system mode. (+PAM +AUDIT +SELINUX +IMA +APPARMOR +SMACK +SYSVINIT +UTMP +LIBCRYPTSETUP +GCRYPT +GNUTLS +ACL +XZ -LZ4 +SECCOMP +BLKID +ELFUTILS +KMOD -IDN)
[    6.968421] systemd[1]: Detected virtualization oracle.
[    6.969623] systemd[1]: Detected architecture x86-64.

Welcome to [1mUbuntu 16.04.6 LTS[0m!

[    6.979237] systemd[1]: Set hostname to <ubuntu>.
[    6.982704] systemd[1]: Initializing machine ID from random generator.
[    6.984150] systemd[1]: Installed transient /etc/machine-id file.
[    7.120746] systemd[1]: Started Trigger resolvconf update for networkd DNS.
[[0;32m  OK  [0m] Started Trigger resolvconf update for networkd DNS.
[    7.123235] systemd[1]: Listening on udev Kernel Socket.
[[0;32m  OK  [0m] Listening on udev Kernel Socket.
[    7.125189] systemd[1]: Listening on LVM2 metadata daemon socket.
[[0;32m  OK  [0m] Listening on LVM2 metadata daemon socket.
[    7.127310] systemd[1]: Reached target Encrypted Volumes.
[[0;32m  OK  [0m] Reached target Encrypted Volumes.
[    7.129479] systemd[1]: Created slice System Slice.
[[0;32m  OK  [0m] Created slice System Slice.
[    7.131417] systemd[1]: Listening on /dev/initctl Compatibility Named Pipe.
[[0;32m  OK  [0m] Listening on /dev/initctl Compatibility Named Pipe.
[    7.133731] systemd[1]: Listening on LVM2 poll daemon socket.
[[0;32m  OK  [0m] Listening on LVM2 poll daemon socket.
[    7.135786] systemd[1]: Listening on udev Control Socket.
[[0;32m  OK  [0m] Listening on udev Control Socket.
[    7.137758] systemd[1]: Listening on Journal Socket.
[[0;32m  OK  [0m] Listening on Journal Socket.
[    7.151040] systemd[1]: Starting Remount Root and Kernel File Systems...
         Starting Remount Root and Kernel File Systems...
[    7.154223] systemd[1]: Starting Set console keymap...
         Starting Set console keymap...
[    7.157134] EXT4-fs (sda1): re-mounted. Opts: (null)
[    7.157218] systemd[1]: Starting Nameserver information manager...
         Starting Nameserver information manager...
[    7.166759] systemd[1]: Reached target User and Group Name Lookups.
[[0;32m  OK  [0m] Reached target User and Group Name Lookups.
[    7.170158] systemd[1]: Mounting Debug File System...
         Mounting Debug File System...
[    7.173022] systemd[1]: Created slice system-serial\x2dgetty.slice.
[[0;32m  OK  [0m] Created slice system-serial\x2dgetty.slice.
[    7.178953] systemd[1]: Starting Load Kernel Modules...
         Starting Load Kernel Modules...
[    7.182082] systemd[1]: Starting Create list of required static device nodes for the current kernel...
         Starting Create list of required st... nodes for the current kernel...
[    7.187338] systemd[1]: Listening on Device-mapper event daemon FIFOs.
[[0;32m  OK  [0m] Listening on Device-mapper event daemon FIFOs.
[    7.193159] systemd[1]: Starting Monitoring of LVM2 mirrors, snapshots etc. using dmeventd or progress polling...
         Starting Monitoring of LVM2 mirrors... dmeventd or progress polling...
[    7.197017] systemd[1]: Reached target Swap.
[[0;32m  OK  [0m] Reached target Swap.
[    7.198964] systemd[1]: Set up automount Arbitrary Executable File Formats File System Automount Point.
[    7.200993] Loading iSCSI transport class v2.0-870.
[[0;32m  OK  [0m] Set up automount Arbitrary Executab...ats File System Automount Point.
[    7.205175] systemd[1]: Mounting POSIX Message Queue File System...
         Mounting POSIX Message Queue File System...
[    7.212126] systemd[1]: Created slice User and Session Slice.
[[0;32m  OK  [0m] Created slice User and Session Slice.
[    7.215783] systemd[1]: Starting Uncomplicated firewall...
         Starting Uncomplicated firewall...
[    7.220774] systemd[1]: Started Forward Password Requests to Wall Directory Watch.
[[0;32m  OK  [0m] Started Forward Password Requests to Wall Directory Watch.
[    7.224597] systemd[1]: Listening on Syslog Socket.
[[0;32m  OK  [0m] Listening on Syslog Socket.
[    7.227996] systemd[1]: Reached target Slices.
[[0;32m  OK  [0m] Reached target Slices.
[    7.231434] iscsi: registered transport (tcp)
[    7.234131] systemd[1]: Mounting Huge Pages File System...
         Mounting Huge Pages File System...
[    7.236892] systemd[1]: Reached target System Time Synchronized.
[[0;32m  OK  [0m] Reached target System Time Synchronized.
[    7.240071] systemd[1]: Listening on Journal Socket (/dev/log).
[[0;32m  OK  [0m] Listening on Journal Socket (/dev/log).
[    7.242220] systemd[1]: Listening on Journal Audit Socket.
[[0;32m  OK  [0m] Listening on Journal Audit Socket.
[    7.246161] systemd[1]: Starting Journal Service...
         Starting Journal Service...
[    7.250683] systemd[1]: Mounted POSIX Message Queue File System.
[[0;32m  OK  [0m] Mounted POSIX Message Queue File System.
[    7.253304] systemd[1]: Mounted Debug File System.
[[0;32m  OK  [0m] Mounted Debug File System.
[    7.255373] systemd[1]: Mounted Huge Pages File System.
[[0;32m  OK  [0m] Mounted Huge Pages File System.
[    7.258366] systemd[1]: Started Remount Root and Kernel File Systems.
[[0;32m  OK  [0m] Started Remount Root and Kernel File Systems.
[    7.261430] systemd[1]: Started Set console keymap.
[[0;32m  OK  [0m] Started Set console keymap.
[    7.264800] systemd[1]: Started Create list of required static device nodes for the current kernel.
[[0;32m  OK  [0m] Started Create list of required sta...ce nodes for the current kernel.
[    7.269556] systemd[1]: Started Uncomplicated firewall.
[[0;32m  OK  [0m] Started Uncomplicated firewall.
[    7.272713] systemd[1]: Started Nameserver information manager.
[[0;32m  OK  [0m] Started Nameserver information manager.
[    7.282121] systemd[1]: Started Journal Service.
[[0;32m  OK  [0m] Started Journal Service.
[    7.294042] iscsi: registered transport (iser)
[[0;32m  OK  [0m] Started Load Kernel Modules.
         Mounting FUSE Control File System...
         Starting Apply Kernel Variables...
[[0;32m  OK  [0m] Started LVM2 metadata daemon.
         Starting Create Static Device Nodes in /dev...
         Starting Flush Journal to Persistent Storage...
         Starting Load/Save Random Seed...
         Starting udev Coldplug all Devices...
[[0;32m  OK  [0m] Mounted FUSE Control File System.
[[0;32m  OK  [0m] Started Apply Kernel Variables.
[[0;32m  OK  [0m] Started Create Static Device Nodes in /dev.
[[0;32m  OK  [0m] Started Load/Save Random Seed.
[[0;32m  OK  [0m] Started Flush Journal to Persistent Storage.
[[0;32m  OK  [0m] Started udev Coldplug all Devices.
         Starting udev Kernel Device Manager...
[[0;32m  OK  [0m] Started udev Kernel Device Manager.
[[0;32m  OK  [0m] Started Dispatch Password Requests to Console Directory Watch.
[[0;32m  OK  [0m] Found device /dev/ttyS0.
[[0;32m  OK  [0m] Listening on Load/Save RF Kill Switch Status /dev/rfkill Watch.
[[0;32m  OK  [0m] Started Monitoring of LVM2 mirrors,...ng dmeventd or progress polling.
[[0;32m  OK  [0m] Reached target Local File Systems (Pre).
[[0;32m  OK  [0m] Reached target Local File Systems.
         Starting LSB: AppArmor initialization...
         Starting Commit a transient machine-id on disk...
         Starting Initial cloud-init job (pre-networking)...
         Starting Create Volatile Files and Directories...
         Starting Tell Plymouth To Write Out Runtime Data...
         Starting Set console font and keymap...
[[0;32m  OK  [0m] Started Commit a transient machine-id on disk.
[[0;32m  OK  [0m] Started Create Volatile Files and Directories.
[[0;32m  OK  [0m] Started Tell Plymouth To Write Out Runtime Data.
         Starting Update UTMP about System Boot/Shutdown...
[[0;32m  OK  [0m] Started Update UTMP about System Boot/Shutdown.
[    9.108859] cloud-init[614]: Cloud-init v. 18.5-45-g3554ffe8-0ubuntu1~16.04.1 running 'init-local' at Thu, 09 May 2019 06:17:35 +0000. Up 8.58 seconds.
[[0;32m  OK  [0m] Started Initial cloud-init job (pre-networking).
[[0;32m  OK  [0m] Reached target Network (Pre).
[[0;32m  OK  [0m] Started Set console font and keymap.
[[0;32m  OK  [0m] Created slice system-getty.slice.
[[0;32m  OK  [0m] Started LSB: AppArmor initialization.
         Starting Raise network interfaces...
[[0;32m  OK  [0m] Started Raise network interfaces.
[[0;32m  OK  [0m] Reached target Network.
         Starting Initial cloud-init job (metadata service crawler)...
[   11.251864] cloud-init[952]: Cloud-init v. 18.5-45-g3554ffe8-0ubuntu1~16.04.1 running 'init' at Thu, 09 May 2019 06:17:37 +0000. Up 10.63 seconds.
[   11.260956] cloud-init[952]: ci-info: ++++++++++++++++++++++++++++++++++++++Net device info+++++++++++++++++++++++++++++++++++++++
[   11.263255] cloud-init[952]: ci-info: +--------+-------+----------------------------+---------------+--------+-------------------+
[   11.265619] cloud-init[952]: ci-info: | Device |   Up  |          Address           |      Mask     | Scope  |     Hw-Address    |
[   11.267893] cloud-init[952]: ci-info: +--------+-------+----------------------------+---------------+--------+-------------------+
[   11.270008] cloud-init[952]: ci-info: | enp0s3 |  True |         10.0.2.15          | 255.255.255.0 | global | 02:9b:bc:73:96:26 |
[   11.272291] cloud-init[952]: ci-info: | enp0s3 |  True | fe80::9b:bcff:fe73:9626/64 |       .       |  link  | 02:9b:bc:73:96:26 |
[   11.274509] cloud-init[952]: ci-info: | enp0s8 | False |             .              |       .       |   .    | 08:00:27:b3:d4:f7 |
[   11.276848] cloud-init[952]: ci-info: |   lo   |  True |         127.0.0.1          |   255.0.0.0   |  host  |         .         |
[   11.279023] cloud-init[952]: ci-info: |   lo   |  True |          ::1/128           |       .       |  host  |         .         |
[   11.281342] cloud-init[952]: ci-info: +--------+-------+----------------------------+---------------+--------+-------------------+
[   11.283715] cloud-init[952]: ci-info: +++++++++++++++++++++++++++Route IPv4 info++++++++++++++++++++++++++++
[   11.285794] cloud-init[952]: ci-info: +-------+-------------+----------+---------------+-----------+-------+
[   11.287587] cloud-init[952]: ci-info: | Route | Destination | Gateway  |    Genmask    | Interface | Flags |
[   11.289635] cloud-init[952]: ci-info: +-------+-------------+----------+---------------+-----------+-------+
[   11.296319] cloud-init[952]: ci-info: |   0   |   0.0.0.0   | 10.0.2.2 |    0.0.0.0    |   enp0s3  |   UG  |
[   11.304605] cloud-init[952]: ci-info: |   1   |   10.0.2.0  | 0.0.0.0  | 255.255.255.0 |   enp0s3  |   U   |
[   11.306652] cloud-init[952]: ci-info: +-------+-------------+----------+---------------+-----------+-------+
[   11.308592] cloud-init[952]: ci-info: +++++++++++++++++++Route IPv6 info+++++++++++++++++++
[   11.310571] cloud-init[952]: ci-info: +-------+-------------+---------+-----------+-------+
[   11.312337] cloud-init[952]: ci-info: | Route | Destination | Gateway | Interface | Flags |
[   11.313906] cloud-init[952]: ci-info: +-------+-------------+---------+-----------+-------+
[   11.315554] cloud-init[952]: ci-info: |   0   |  fe80::/64  |    ::   |   enp0s3  |   U   |
[   11.317402] cloud-init[952]: ci-info: |   3   |   ff00::/8  |    ::   |   enp0s3  |   U   |
[   11.319207] cloud-init[952]: ci-info: +-------+-------------+---------+-----------+-------+
[   11.321117] cloud-init[952]: Generating public/private rsa key pair.
[   11.322668] cloud-init[952]: Your identification has been saved in /etc/ssh/ssh_host_rsa_key.
[   11.324625] cloud-init[952]: Your public key has been saved in /etc/ssh/ssh_host_rsa_key.pub.
[   11.326319] cloud-init[952]: The key fingerprint is:
[   11.327602] cloud-init[952]: SHA256:ozgUTT19xmgV1NrofVK4iHTx9w5cNt+PWmilbR5L8i8 root@ubuntu-xenial
[   11.329331] cloud-init[952]: The key's randomart image is:
[   11.330580] cloud-init[952]: +---[RSA 2048]----+
[   11.331790] cloud-init[952]: |      .. . =+o   |
[   11.333002] cloud-init[952]: |     o  o + = .  |
[   11.334125] cloud-init[952]: |    . .  o o * . |
[   11.335362] cloud-init[952]: |     .    . + +.=|
[   11.336588] cloud-init[952]: |    .   S. + +.*=|
[   11.337759] cloud-init[952]: |   . . . .. o=* =|
[   11.338957] cloud-init[952]: |    o .     = **.|
[   11.340096] cloud-init[952]: |     .     . BEoo|
[   11.341273] cloud-init[952]: |            ..+o.|
[   11.342392] cloud-init[952]: +----[SHA256]-----+
[   11.343391] cloud-init[952]: Generating public/private dsa key pair.
[   11.344775] cloud-init[952]: Your identification has been saved in /etc/ssh/ssh_host_dsa_key.
[   11.346505] cloud-init[952]: Your public key has been saved in /etc/ssh/ssh_host_dsa_key.pub.
[   11.348255] cloud-init[952]: The key fingerprint is:
[   11.349413] cloud-init[952]: SHA256:yxTPhZY/pxjL2rsvJ3psdmymwF30ZHMWXCXJXNMjU+w root@ubuntu-xenial
[   11.351251] cloud-init[952]: The key's randomart image is:
[   11.352497] cloud-init[952]: +---[DSA 1024]----+
[   11.360528] cloud-init[952]: |             o=*B|
[   11.360750] cloud-init[952]: |           o o+=+|
[   11.361142] cloud-init[952]: |        . + o B +|
[   11.361798] cloud-init[952]: |         = + + E |
[   11.362425] cloud-init[952]: |        S + + o  |
[   11.362845] cloud-init[952]: |       + + = +   |
[   11.363552] cloud-init[952]: |        =.=..    |
[   11.364610] cloud-init[952]: |         +B *    |
[   11.365361] cloud-init[952]: |        o==%.    |
[   11.366075] cloud-init[952]: +----[SHA256]-----+
[   11.366674] cloud-init[952]: Generating public/private ecdsa key pair.
[[0;32m  OK  [0m] Started Initial cloud-init job (metadata service crawler).
[   11.370794] cloud-init[952]: Your identification has been saved in /etc/ssh/ssh_host_ecdsa_key.
[[0;32m  OK  [0m[   11.373225] cloud-init[952]: Your public key has been saved in /etc/ssh/ssh_host_ecdsa_key.pub.
[   11.373808] cloud-init[952]: The key fingerprint is:
[   11.374101] cloud-init[952]: SHA256:EeOiv9NZilQzQViw1pEZn7zqSOX3YtUlnZT+dYtiXaI root@ubuntu-xenial
[   11.374410] cloud-init[952]: The key's randomart image is:
[   11.374756] cloud-init[952]: +---[ECDSA 256]---+
[   11.375005] cloud-init[952]: |      .=B+      .|
] Reached target System Initialization.
[   11.376973] cloud-init[952]: |      .++* .   o |
[   11.380868] cloud-init[952]: |      + +.+   o..|
[   11.389171] cloud-init[952]: |     o .+. . ..+=|
[   11.389882] cloud-init[952]: |    .  .So. o.+o=|
[   11.393625] cloud-init[952]: |     ..o ..E.o...|
[   11.395484] cloud-init[952]: |     .ooo+o..    |
[   11.397772] cloud-init[952]: |     .o++.o.     |
[   11.399078] cloud-init[952]: |      o... ..    |
[   11.400583] cloud-init[952]: +----[SHA256]-----+
[   11.400946] cloud-init[952]: Generating public/private ed25519 key pair.
[   11.401842] cloud-init[952]: Your identification has been saved in /etc/ssh/ssh_host_ed25519_key.
[   11.402753] cloud-init[952]: Your public key has been saved in /etc/ssh/ssh_host_ed25519_key.pub.
[   11.403673] cloud-init[952]: The key fingerprint is:
[   11.404451] cloud-init[952]: SHA256:7dn0n4+56MeeQpfYCBdi/rWkoODdRB3o5F/zV2TLbRI root@ubuntu-xenial
[   11.405555] cloud-init[952]: The key's randomart image is:
[   11.406726] cloud-init[952]: +--[ED25519 256]--+
[   11.407607] cloud-init[952]: |           o..   |
[   11.408514] cloud-init[952]: |          * o E o|
[   11.409664] cloud-init[952]: |         B . ..+o|
[   11.411172] cloud-init[952]: |      .  .B . *o+|
[   11.412509] cloud-init[952]: |     . oS+.*.O B.|
[   11.413312] cloud-init[952]: |      . o..+B.= o|
[   11.414264] cloud-init[952]: |          o..o. .|
[   11.415355] cloud-init[952]: |            ..o=.|
[   11.416056] cloud-init[952]: |           .o+*o+|
[   11.416837] cloud-init[952]: +----[SHA256]-----+
[[0;32m  OK  [0m] Started ACPI Events Check.
[[0;32m  OK  [0m] Reached target Paths.
[[0;32m  OK  [0m] Started Daily apt download activities.
[[0;32m  OK  [0m] Started Daily Cleanup of Temporary Directories.
[[0;32m  OK  [0m] Listening on UUID daemon activation socket.
[[0;32m  OK  [0m] Started Daily apt upgrade and clean activities.
[[0;32m  OK  [0m] Listening on ACPID Listen Socket.
         Starting LXD - unix socket.
[[0;32m  OK  [0m] Reached target Timers.
         Starting Socket activation for snappy daemon.
[[0;32m  OK  [0m] Listening on D-Bus System Message Bus Socket.
[[0;32m  OK  [0m] Reached target Network is Online.
         Starting iSCSI initiator daemon (iscsid)...
[[0;32m  OK  [0m] Reached target Cloud-config availability.
[[0;32m  OK  [0m] Listening on LXD - unix socket.
[[0;32m  OK  [0m] Listening on Socket activation for snappy daemon.
[[0;32m  OK  [0m] Started iSCSI initiator daemon (iscsid).
         Starting Login to default iSCSI targets...
[[0;32m  OK  [0m] Reached target Sockets.
[[0;32m  OK  [0m] Reached target Basic System.
         Starting /etc/rc.local Compatibility...
         Starting Accounts Service...
[[0;32m  OK  [0m] Started Deferred execution scheduler.
         Starting LSB: Record successful boot for GRUB...
[[0;32m  OK  [0m] Started D-Bus System Message Bus.
         Starting LSB: MD monitoring daemon...
[[0;32m  OK  [0m] Started FUSE filesystem for LXC.
[[0;32m  OK  [0m] Started ACPI event daemon.
[[0;32m  OK  [0m] Started Regular background program processing daemon.
         Starting System Logging Service...
         Starting Virtualbox guest utils...
         Starting Login Service...
         Starting Pollinate to seed the pseudo random number generator...
         Starting Snappy daemon...
         Starting LXD - container startup/shutdown...
[[0;32m  OK  [0m] Started /etc/rc.local Compatibility.
[[0;32m  OK  [0m] Started System Logging Service.
[[0;32m  OK  [0m] Started Login to default iSCSI targets.
[[0;32m  OK  [0m] Started LSB: Record successful boot for GRUB.
[[0;32m  OK  [0m] Started LSB: MD monitoring daemon.
         Starting Authenticate and Authorize Users to Run Privileged Tasks...
[[0;32m  OK  [0m] Reached target Remote File Systems (Pre).
[[0;32m  OK  [0m] Reached target Remote File Systems.
         Starting Permit User Sessions...
         Starting LSB: Set the CPU Frequency Scaling governor to "ondemand"...
         Starting LSB: daemon to balance interrupts for SMP systems...
         Starting LSB: automatic crash report generation...
[[0;32m  OK  [0m] Started Permit User Sessions.
[[0;32m  OK  [0m] Started Login Service.
[[0;32m  OK  [0m] Started Snappy daemon.
[[0;32m  OK  [0m] Started Virtualbox guest utils.
[[0;32m  OK  [0m] Started LXD - container startup/shutdown.
[[0;32m  OK  [0m] Started Authenticate and Authorize Users to Run Privileged Tasks.
[[0;32m  OK  [0m] Started Accounts Service.
         Starting Wait until snapd is fully seeded...
[[0;32m  OK  [0m] Started Unattended Upgrades Shutdown.
         Starting Hold until boot process finishes up...
         Starting Terminate Plymouth Boot Screen...
[[0;32m  OK  [0m] Started LSB: Set the CPU Frequency Scaling governor to "ondemand".
[[0;32m  OK  [0m] Started LSB: daemon to balance interrupts for SMP systems.
[[0;32m  OK  [0m] Started LSB: automatic crash report generation.
[[0;32m  OK  [0m] Started Hold until boot process finishes up.
[[0;32m  OK  [0m] Started Terminate Plymouth Boot Screen.
[[0;32m  OK  [0m] Started Getty on tty1.
         Starting Set console scheme...
[[0;32m  OK  [0m] Started Serial Getty on ttyS0.
[[0;32m  OK  [0m] Reached target Login Prompts.
[[0;32m  OK  [0m] Started Set console scheme.
[[0;32m  OK  [0m] Started Pollinate to seed the pseudo random number generator.
         Starting OpenBSD Secure Shell server...
[[0;32m  OK  [0m] Started OpenBSD Secure Shell server.
[[0;32m  OK  [0m] Started Wait until snapd is fully seeded.
         Starting Apply the settings specified in cloud-config...
[[0;32m  OK  [0m] Reached target Multi-User System.
[[0;32m  OK  [0m] Reached target Graphical Interface.
         Starting Update UTMP about System Runlevel Changes...
[[0;32m  OK  [0m] Started Update UTMP about System Runlevel Changes.
[[0;32m  OK  [0m] Created slice User Slice of vagrant.
         Starting User Manager for UID 1000...
[[0;32m  OK  [0m] Started Session 1 of user vagrant.
[[0;32m  OK  [0m] Started User Manager for UID 1000.
[   14.069556] cloud-init[1297]: Generating locales (this might take a while)...
[   15.221176] cloud-init[1297]:   en_US.UTF-8... done
[   15.222716] cloud-init[1297]: Generation complete.
[   15.570942] cloud-init[1297]: Cloud-init v. 18.5-45-g3554ffe8-0ubuntu1~16.04.1 running 'modules:config' at Thu, 09 May 2019 06:17:40 +0000. Up 13.91 seconds.
[[0;32m  OK  [0m] Started Apply the settings specified in cloud-config.
         Starting Execute cloud user/final scripts...

Ubuntu 16.04.6 LTS ubuntu-xenial ttyS0

ubuntu-xenial login: ci-info: no authorized ssh keys fingerprints found for user ubuntu.
<14>May  9 06:17:48 ec2: 
<14>May  9 06:17:48 ec2: #############################################################
<14>May  9 06:17:48 ec2: -----BEGIN SSH HOST KEY FINGERPRINTS-----
<14>May  9 06:17:48 ec2: 1024 SHA256:yxTPhZY/pxjL2rsvJ3psdmymwF30ZHMWXCXJXNMjU+w root@ubuntu-xenial (DSA)
<14>May  9 06:17:48 ec2: 256 SHA256:EeOiv9NZilQzQViw1pEZn7zqSOX3YtUlnZT+dYtiXaI root@ubuntu-xenial (ECDSA)
<14>May  9 06:17:48 ec2: 256 SHA256:7dn0n4+56MeeQpfYCBdi/rWkoODdRB3o5F/zV2TLbRI root@ubuntu-xenial (ED25519)
<14>May  9 06:17:48 ec2: 2048 SHA256:ozgUTT19xmgV1NrofVK4iHTx9w5cNt+PWmilbR5L8i8 root@ubuntu-xenial (RSA)
<14>May  9 06:17:48 ec2: -----END SSH HOST KEY FINGERPRINTS-----
<14>May  9 06:17:48 ec2: #############################################################
-----BEGIN SSH HOST KEY KEYS-----
ecdsa-sha2-nistp256 AAAAE2VjZHNhLXNoYTItbmlzdHAyNTYAAAAIbmlzdHAyNTYAAABBBL5/UIqsR93LwntqPLsW+1E4bNf0xKf73ILveUFtKQ8hmWUwBvtXHY9z8wz5GMy7/7tO6ApzCI5F6tmbxn0q1xs= root@ubuntu-xenial
ssh-ed25519 AAAAC3NzaC1lZDI1NTE5AAAAIFlgyLg1ROdtlwXF3egalw41j2aVohOaKLxCThf3KTX/ root@ubuntu-xenial
ssh-rsa AAAAB3NzaC1yc2EAAAADAQABAAABAQC4QJGGZHo8doClaKOyc+tHwJGuWMHGuYvfN9mSJGxa1P/w+q8RgFzH+mOzedCVjeqOs1GKf4MNbssK/0Zw9liRdq0Z4rVwdCPPkOD2t4cNQP8bgLRXLKszYsNBkiVVREX9t3RnJ+j5nahYFiaplsysTjAr+1tqC647tVixK2eKjU0l4ZMuyMJezRxxCGCz6lB1cEHAQvmjecZh9UxIou2RBJ08lUIqGIwqLX5SYiIz88c7a9XgJ4oeKxgWXGuBT6/PDTge9PYwsnGBCLPFY3wDRznvWeHwAZIOdCtVZTByCi4YgF9er/5obLiMYK3WEB3m5wzCvK7r2777GLgVqqSz root@ubuntu-xenial
-----END SSH HOST KEY KEYS-----
[   21.953344] cloud-init[1495]: Cloud-init v. 18.5-45-g3554ffe8-0ubuntu1~16.04.1 running 'modules:final' at Thu, 09 May 2019 06:17:46 +0000. Up 19.38 seconds.
[   21.955930] cloud-init[1495]: ci-info: no authorized ssh keys fingerprints found for user ubuntu.
[   21.956808] cloud-init[1495]: Cloud-init v. 18.5-45-g3554ffe8-0ubuntu1~16.04.1 finished at Thu, 09 May 2019 06:17:48 +0000. Datasource DataSourceNoCloud [seed=/dev/sdb][dsmode=net].  Up 21.93 seconds
